<?xml version="1.0" encoding="UTF-8"?>
<testsuite name="mypackage.TestFunction" tests="1" skipped="0" failures="0" errors="0" timestamp="2017-10-04T08:19:19" hostname="NB1113" time="0.0">
  <properties/>
  <testcase name="testStringData" classname="mypackage.TestFunction" time="0.0"/>
  <system-out><![CDATA[]]></system-out>
  <system-err><![CDATA[]]></system-err>
</testsuite>
